#  emapper-2.1.12
# emapper.py  -i ./SKOL_HDuj_2_toTrinotate.proteins.fa --cpu 64 --data_dir /gpfs/data/gpfs0/vasiliy.zubarev/Sponge/Analysis/2025_04_16_Trinotate/Trinotate_data/EGGNOG_DATA_DIR -o eggnog_mapper
[1;33m  /trinity/home/vasiliy.zubarev/software/Trinotate/bin/diamond blastp -d '/gpfs/data/gpfs0/vasiliy.zubarev/Sponge/Analysis/2025_04_16_Trinotate/Trinotate_data/EGGNOG_DATA_DIR/eggnog_proteins.dmnd' -q '/gpfs/data/gpfs0/vasiliy.zubarev/Sponge/Analysis/2025_04_16_Trinotate/SKOL_HDuj_2_toTrinotate.proteins.fa' --threads 64 -o '/gpfs/data/gpfs0/vasiliy.zubarev/Sponge/Analysis/2025_04_16_Trinotate/eggnog_mapper.emapper.hits' --tmpdir '/gpfs/data/gpfs0/vasiliy.zubarev/Sponge/Analysis/2025_04_16_Trinotate/emappertmp_dmdn_fvsms08k' --sensitive --iterate -e 0.001 --top 3  --outfmt 6 qseqid sseqid pident length mismatch gapopen qstart qend sstart send evalue bitscore qcovhsp scovhsp[0m
[32mDone[0m
[1;33mResult files:[0m
   /gpfs/data/gpfs0/vasiliy.zubarev/Sponge/Analysis/2025_04_16_Trinotate/eggnog_mapper.emapper.hits
   /gpfs/data/gpfs0/vasiliy.zubarev/Sponge/Analysis/2025_04_16_Trinotate/eggnog_mapper.emapper.seed_orthologs
   /gpfs/data/gpfs0/vasiliy.zubarev/Sponge/Analysis/2025_04_16_Trinotate/eggnog_mapper.emapper.annotations

================================================================================
CITATION:
If you use this software, please cite:

[1] eggNOG-mapper v2: functional annotation, orthology assignments, and domain 
      prediction at the metagenomic scale. Carlos P. Cantalapiedra, 
      Ana Hernandez-Plaza, Ivica Letunic, Peer Bork, Jaime Huerta-Cepas. 2021.
      Molecular Biology and Evolution, msab293, https://doi.org/10.1093/molbev/msab293

[2] eggNOG 5.0: a hierarchical, functionally and phylogenetically annotated
      orthology resource based on 5090 organisms and 2502 viruses. Jaime
      Huerta-Cepas, Damian Szklarczyk, Davide Heller, Ana Hernandez-Plaza,
      Sofia K Forslund, Helen Cook, Daniel R Mende, Ivica Letunic, Thomas
      Rattei, Lars J Jensen, Christian von Mering and Peer Bork. Nucleic Acids
      Research, Volume 47, Issue D1, 8 January 2019, Pages D309-D314,
      https://doi.org/10.1093/nar/gky1085 

[3] Sensitive protein alignments at tree-of-life scale using DIAMOND.
       Buchfink B, Reuter K, Drost HG. 2021.
       Nature Methods 18, 366–368 (2021). https://doi.org/10.1038/s41592-021-01101-x

e.g. Functional annotation was performed using eggNOG-mapper (version emapper-2.1.12) [1]
 based on eggNOG orthology data [2]. Sequence searches were performed using [3].

================================================================================

Total hits processed: 15589
Total time: 3143 secs
FINISHED
memory
